2024-05-21T07:24:58.770 application=explorer [info] tx/per day chart: collect records for txs per day stats
2024-05-21T07:24:58.770 application=explorer [info] tx/per day chart: earliest date 2024-05-12 00:00:00Z
2024-05-21T07:24:58.770 application=explorer [info] tx/per day chart: latest date 2024-05-12 23:59:59Z
2024-05-21T07:24:58.839 application=explorer [info] tx/per day chart: timestamp cannot be converted to min/max blocks, trying to find min/max blocks through a fallback option}
2024-05-21T07:24:58.845 application=explorer [warning] tx/per day chart: failed to get min/max blocks through a fallback option}
2024-05-21T07:24:58.845 application=explorer [info] tx/per day chart: collect records for txs per day stats
2024-05-21T07:24:58.845 application=explorer [info] tx/per day chart: earliest date 2024-05-13 00:00:00Z
2024-05-21T07:24:58.845 application=explorer [info] tx/per day chart: latest date 2024-05-13 23:59:59Z
2024-05-21T07:24:58.854 application=explorer [info] tx/per day chart: timestamp cannot be converted to min/max blocks, trying to find min/max blocks through a fallback option}
2024-05-21T07:24:58.855 application=explorer [warning] tx/per day chart: failed to get min/max blocks through a fallback option}
2024-05-21T07:24:58.855 application=explorer [info] tx/per day chart: collect records for txs per day stats
2024-05-21T07:24:58.856 application=explorer [info] tx/per day chart: earliest date 2024-05-14 00:00:00Z
2024-05-21T07:24:58.856 application=explorer [info] tx/per day chart: latest date 2024-05-14 23:59:59Z
2024-05-21T07:24:58.858 application=explorer [info] tx/per day chart: timestamp cannot be converted to min/max blocks, trying to find min/max blocks through a fallback option}
2024-05-21T07:24:58.860 application=explorer [warning] tx/per day chart: failed to get min/max blocks through a fallback option}
2024-05-21T07:24:58.860 application=explorer [info] tx/per day chart: collect records for txs per day stats
2024-05-21T07:24:58.860 application=explorer [info] tx/per day chart: earliest date 2024-05-15 00:00:00Z
2024-05-21T07:24:58.860 application=explorer [info] tx/per day chart: latest date 2024-05-15 23:59:59Z
2024-05-21T07:24:58.865 application=explorer [info] tx/per day chart: timestamp cannot be converted to min/max blocks, trying to find min/max blocks through a fallback option}
2024-05-21T07:24:58.867 application=explorer [warning] tx/per day chart: failed to get min/max blocks through a fallback option}
2024-05-21T07:24:58.867 application=explorer [info] tx/per day chart: collect records for txs per day stats
2024-05-21T07:24:58.867 application=explorer [info] tx/per day chart: earliest date 2024-05-16 00:00:00Z
2024-05-21T07:24:58.867 application=explorer [info] tx/per day chart: latest date 2024-05-16 23:59:59Z
2024-05-21T07:24:58.869 application=explorer [info] tx/per day chart: timestamp cannot be converted to min/max blocks, trying to find min/max blocks through a fallback option}
2024-05-21T07:24:58.871 application=explorer [warning] tx/per day chart: failed to get min/max blocks through a fallback option}
2024-05-21T07:24:58.871 application=explorer [info] tx/per day chart: collect records for txs per day stats
2024-05-21T07:24:58.871 application=explorer [info] tx/per day chart: earliest date 2024-05-17 00:00:00Z
2024-05-21T07:24:58.871 application=explorer [info] tx/per day chart: latest date 2024-05-17 23:59:59Z
2024-05-21T07:24:58.873 application=explorer [info] tx/per day chart: timestamp cannot be converted to min/max blocks, trying to find min/max blocks through a fallback option}
2024-05-21T07:24:58.875 application=explorer [warning] tx/per day chart: failed to get min/max blocks through a fallback option}
2024-05-21T07:24:58.875 application=explorer [info] tx/per day chart: collect records for txs per day stats
2024-05-21T07:24:58.875 application=explorer [info] tx/per day chart: earliest date 2024-05-18 00:00:00Z
2024-05-21T07:24:58.876 application=explorer [info] tx/per day chart: latest date 2024-05-18 23:59:59Z
2024-05-21T07:24:58.878 application=explorer [info] tx/per day chart: timestamp cannot be converted to min/max blocks, trying to find min/max blocks through a fallback option}
2024-05-21T07:24:58.880 application=explorer [warning] tx/per day chart: failed to get min/max blocks through a fallback option}
2024-05-21T07:24:58.880 application=explorer [info] tx/per day chart: collect records for txs per day stats
2024-05-21T07:24:58.880 application=explorer [info] tx/per day chart: earliest date 2024-05-19 00:00:00Z
2024-05-21T07:24:58.880 application=explorer [info] tx/per day chart: latest date 2024-05-19 23:59:59Z
2024-05-21T07:24:58.882 application=explorer [info] tx/per day chart: timestamp cannot be converted to min/max blocks, trying to find min/max blocks through a fallback option}
2024-05-21T07:24:58.883 application=explorer [warning] tx/per day chart: failed to get min/max blocks through a fallback option}
2024-05-21T07:24:58.883 application=explorer [info] tx/per day chart: collect records for txs per day stats
2024-05-21T07:24:58.883 application=explorer [info] tx/per day chart: earliest date 2024-05-20 00:00:00Z
2024-05-21T07:24:58.883 application=explorer [info] tx/per day chart: latest date 2024-05-20 23:59:59Z
2024-05-21T07:24:58.885 application=explorer [info] tx/per day chart: timestamp cannot be converted to min/max blocks, trying to find min/max blocks through a fallback option}
2024-05-21T07:24:58.887 application=explorer [warning] tx/per day chart: failed to get min/max blocks through a fallback option}
2024-05-21T07:24:58.887 application=explorer [info] tx/per day chart: collect records for txs per day stats
2024-05-21T07:24:58.887 application=explorer [info] tx/per day chart: records collected [%{date: ~D[2024-05-20], gas_used: 0, number_of_transactions: 0, total_fee: 0}, %{date: ~D[2024-05-19], gas_used: 0, number_of_transactions: 0, total_fee: 0}, %{date: ~D[2024-05-18], gas_used: 0, number_of_transactions: 0, total_fee: 0}, %{date: ~D[2024-05-17], gas_used: 0, number_of_transactions: 0, total_fee: 0}, %{date: ~D[2024-05-16], gas_used: 0, number_of_transactions: 0, total_fee: 0}, %{date: ~D[2024-05-15], gas_used: 0, number_of_transactions: 0, total_fee: 0}, %{date: ~D[2024-05-14], gas_used: 0, number_of_transactions: 0, total_fee: 0}, %{date: ~D[2024-05-13], gas_used: 0, number_of_transactions: 0, total_fee: 0}, %{date: ~D[2024-05-12], gas_used: 0, number_of_transactions: 0, total_fee: 0}]
2024-05-21T07:24:58.887 application=explorer [info] tx/per day chart: save records
2024-05-21T07:24:58.954 application=explorer [info] tx/per day chart: number of inserted 10
2024-05-21T07:24:58.969 application=explorer [info] SanitizeIncorrectNFTTokenTransfers deletion finished, continuing with blocks re-fetch
2024-05-21T07:24:58.973 application=explorer [info] SanitizeIncorrectNFTTokenTransfers migration finished
2024-05-21T07:25:21.238 application=explorer [info] Time consumed for transactions_from_count_task for 0x1ae2746193cf3b982cdc93b7053965d6bf85906a is 2ms
2024-05-21T07:25:21.238 application=explorer [info] Time consumed for transactions_created_contract_count_task for 0x1ae2746193cf3b982cdc93b7053965d6bf85906a is 2ms
2024-05-21T07:25:21.238 application=explorer [info] Time consumed for validations counter task for 0x1ae2746193cf3b982cdc93b7053965d6bf85906a is 2ms
2024-05-21T07:25:21.238 application=explorer [info] Time consumed for withdrawals counter task for 0x1ae2746193cf3b982cdc93b7053965d6bf85906a is 2ms
2024-05-21T07:25:21.238 application=explorer [info] Time consumed for token_transfers counter task for 0x1ae2746193cf3b982cdc93b7053965d6bf85906a is 2ms
2024-05-21T07:25:21.238 application=explorer [info] Time consumed for logs counter task for 0x1ae2746193cf3b982cdc93b7053965d6bf85906a is 2ms
2024-05-21T07:25:21.238 application=explorer [info] Time consumed for token_balances counter task for 0x1ae2746193cf3b982cdc93b7053965d6bf85906a is 3ms
2024-05-21T07:25:21.238 application=explorer [info] Time consumed for transactions_to_count_task for 0x1ae2746193cf3b982cdc93b7053965d6bf85906a is 3ms
2024-05-21T07:25:21.242 application=explorer [info] Time consumed for internal_txs counter task for 0x1ae2746193cf3b982cdc93b7053965d6bf85906a is 6ms
2024-05-21T07:26:58.759 application=explorer [warning] Failed to fetch genesis data. Chain spec path is not set.
