2024-05-21T07:24:58.999 application=indexer fetcher=block_catchup missing_block_count=0 shrunk=false [info] Index already caught up.
2024-05-21T07:24:58.999 application=indexer fetcher=block_catchup [info] Checking if index needs to catch up in 5000ms.
2024-05-21T07:25:05.012 application=indexer fetcher=block_catchup first_block_number=18612646 last_block_number=18612547 missing_block_count=100 shrunk=false [info] Index had to catch up.
2024-05-21T07:25:05.012 application=indexer fetcher=block_catchup [info] Checking if index needs to catch up in 2500ms.
2024-05-21T07:25:08.041 application=indexer fetcher=block_catchup first_block_number=18612546 last_block_number=18612447 missing_block_count=100 shrunk=false [info] Index had to catch up.
2024-05-21T07:25:08.041 application=indexer fetcher=block_catchup [info] Checking if index needs to catch up in 2500ms.
2024-05-21T07:25:08.994 application=indexer fetcher=empty_blocks_to_refetch [info] Start sanitizing of empty blocks. Batch size is 100
2024-05-21T07:25:08.999 application=indexer fetcher=empty_blocks_to_refetch [info] Batch of empty blocks is sanitized
2024-05-21T07:25:11.333 application=indexer fetcher=block_catchup first_block_number=18612446 last_block_number=18612347 missing_block_count=100 shrunk=false [info] Index had to catch up.
2024-05-21T07:25:11.333 application=indexer fetcher=block_catchup [info] Checking if index needs to catch up in 2500ms.
2024-05-21T07:25:14.206 application=indexer fetcher=block_catchup first_block_number=18612346 last_block_number=18612247 missing_block_count=100 shrunk=false [info] Index had to catch up.
2024-05-21T07:25:14.206 application=indexer fetcher=block_catchup [info] Checking if index needs to catch up in 2500ms.
2024-05-21T07:25:18.602 application=indexer fetcher=block_catchup first_block_number=18612246 last_block_number=18612147 missing_block_count=100 shrunk=false [info] Index had to catch up.
2024-05-21T07:25:18.602 application=indexer fetcher=block_catchup [info] Checking if index needs to catch up in 2500ms.
2024-05-21T07:25:18.999 application=indexer fetcher=empty_blocks_to_refetch [info] Start sanitizing of empty blocks. Batch size is 100
2024-05-21T07:25:19.001 application=indexer fetcher=empty_blocks_to_refetch [info] Batch of empty blocks is sanitized
2024-05-21T07:25:21.633 application=indexer fetcher=block_catchup first_block_number=18612146 last_block_number=18612047 missing_block_count=100 shrunk=false [info] Index had to catch up.
2024-05-21T07:25:21.633 application=indexer fetcher=block_catchup [info] Checking if index needs to catch up in 2500ms.
2024-05-21T07:25:24.506 application=indexer fetcher=block_catchup first_block_number=18612046 last_block_number=18611947 missing_block_count=100 shrunk=false [info] Index had to catch up.
2024-05-21T07:25:24.506 application=indexer fetcher=block_catchup [info] Checking if index needs to catch up in 2500ms.
2024-05-21T07:25:27.374 application=indexer fetcher=block_catchup first_block_number=18611946 last_block_number=18611847 missing_block_count=100 shrunk=false [info] Index had to catch up.
2024-05-21T07:25:27.374 application=indexer fetcher=block_catchup [info] Checking if index needs to catch up in 2500ms.
2024-05-21T07:25:29.002 application=indexer fetcher=empty_blocks_to_refetch [info] Start sanitizing of empty blocks. Batch size is 100
2024-05-21T07:25:29.005 application=indexer fetcher=empty_blocks_to_refetch [info] Batch of empty blocks is sanitized
2024-05-21T07:25:30.342 application=indexer fetcher=block_catchup first_block_number=18611846 last_block_number=18611747 missing_block_count=100 shrunk=false [info] Index had to catch up.
2024-05-21T07:25:30.342 application=indexer fetcher=block_catchup [info] Checking if index needs to catch up in 2500ms.
2024-05-21T07:25:33.345 application=indexer fetcher=block_catchup first_block_number=18611746 last_block_number=18611647 missing_block_count=100 shrunk=false [info] Index had to catch up.
2024-05-21T07:25:33.345 application=indexer fetcher=block_catchup [info] Checking if index needs to catch up in 2500ms.
2024-05-21T07:25:36.349 application=indexer fetcher=block_catchup first_block_number=18611646 last_block_number=18611547 missing_block_count=100 shrunk=false [info] Index had to catch up.
2024-05-21T07:25:36.349 application=indexer fetcher=block_catchup [info] Checking if index needs to catch up in 2500ms.
2024-05-21T07:25:39.006 application=indexer fetcher=empty_blocks_to_refetch [info] Start sanitizing of empty blocks. Batch size is 100
2024-05-21T07:25:39.366 application=indexer fetcher=block_catchup first_block_number=18611546 last_block_number=18611447 missing_block_count=100 shrunk=false [info] Index had to catch up.
2024-05-21T07:25:39.366 application=indexer fetcher=block_catchup [info] Checking if index needs to catch up in 2500ms.
2024-05-21T07:25:42.351 application=indexer fetcher=block_catchup first_block_number=18611446 last_block_number=18611347 missing_block_count=100 shrunk=false [info] Index had to catch up.
2024-05-21T07:25:42.351 application=indexer fetcher=block_catchup [info] Checking if index needs to catch up in 2500ms.
2024-05-21T07:25:45.239 application=indexer fetcher=block_catchup first_block_number=18611346 last_block_number=18611247 missing_block_count=100 shrunk=false [info] Index had to catch up.
2024-05-21T07:25:45.239 application=indexer fetcher=block_catchup [info] Checking if index needs to catch up in 2500ms.
2024-05-21T07:25:48.106 application=indexer fetcher=block_catchup first_block_number=18611246 last_block_number=18611147 missing_block_count=100 shrunk=false [info] Index had to catch up.
2024-05-21T07:25:48.106 application=indexer fetcher=block_catchup [info] Checking if index needs to catch up in 2500ms.
2024-05-21T07:25:51.150 application=indexer fetcher=block_catchup first_block_number=18611146 last_block_number=18611047 missing_block_count=100 shrunk=false [info] Index had to catch up.
2024-05-21T07:25:51.150 application=indexer fetcher=block_catchup [info] Checking if index needs to catch up in 2500ms.
2024-05-21T07:25:54.161 application=indexer fetcher=block_catchup first_block_number=18611046 last_block_number=18610947 missing_block_count=100 shrunk=false [info] Index had to catch up.
2024-05-21T07:25:54.161 application=indexer fetcher=block_catchup [info] Checking if index needs to catch up in 2500ms.
2024-05-21T07:25:56.456 application=indexer fetcher=empty_blocks_to_refetch [info] Batch of empty blocks is sanitized
2024-05-21T07:25:57.026 application=indexer fetcher=block_catchup first_block_number=18610946 last_block_number=18610847 missing_block_count=100 shrunk=false [info] Index had to catch up.
2024-05-21T07:25:57.026 application=indexer fetcher=block_catchup [info] Checking if index needs to catch up in 2500ms.
2024-05-21T07:26:00.021 application=indexer fetcher=block_catchup first_block_number=18610846 last_block_number=18610747 missing_block_count=100 shrunk=false [info] Index had to catch up.
2024-05-21T07:26:00.021 application=indexer fetcher=block_catchup [info] Checking if index needs to catch up in 2500ms.
2024-05-21T07:26:02.898 application=indexer fetcher=block_catchup first_block_number=18610746 last_block_number=18610647 missing_block_count=100 shrunk=false [info] Index had to catch up.
2024-05-21T07:26:02.898 application=indexer fetcher=block_catchup [info] Checking if index needs to catch up in 2500ms.
2024-05-21T07:26:05.933 application=indexer fetcher=block_catchup first_block_number=18610646 last_block_number=18610547 missing_block_count=100 shrunk=false [info] Index had to catch up.
2024-05-21T07:26:05.933 application=indexer fetcher=block_catchup [info] Checking if index needs to catch up in 2500ms.
2024-05-21T07:26:06.456 application=indexer fetcher=empty_blocks_to_refetch [info] Start sanitizing of empty blocks. Batch size is 100
2024-05-21T07:26:08.797 application=indexer fetcher=block_catchup first_block_number=18610546 last_block_number=18610447 missing_block_count=100 shrunk=false [info] Index had to catch up.
2024-05-21T07:26:08.797 application=indexer fetcher=block_catchup [info] Checking if index needs to catch up in 2500ms.
2024-05-21T07:26:11.650 application=indexer fetcher=block_catchup first_block_number=18610446 last_block_number=18610347 missing_block_count=100 shrunk=false [info] Index had to catch up.
2024-05-21T07:26:11.650 application=indexer fetcher=block_catchup [info] Checking if index needs to catch up in 2500ms.
2024-05-21T07:26:14.515 application=indexer fetcher=block_catchup first_block_number=18610346 last_block_number=18610247 missing_block_count=100 shrunk=false [info] Index had to catch up.
2024-05-21T07:26:14.515 application=indexer fetcher=block_catchup [info] Checking if index needs to catch up in 2500ms.
2024-05-21T07:26:17.387 application=indexer fetcher=block_catchup first_block_number=18610246 last_block_number=18610147 missing_block_count=100 shrunk=false [info] Index had to catch up.
2024-05-21T07:26:17.387 application=indexer fetcher=block_catchup [info] Checking if index needs to catch up in 2500ms.
2024-05-21T07:26:20.266 application=indexer fetcher=block_catchup first_block_number=18610146 last_block_number=18610047 missing_block_count=100 shrunk=false [info] Index had to catch up.
2024-05-21T07:26:20.266 application=indexer fetcher=block_catchup [info] Checking if index needs to catch up in 2500ms.
2024-05-21T07:26:23.134 application=indexer fetcher=block_catchup first_block_number=18610046 last_block_number=18609947 missing_block_count=100 shrunk=false [info] Index had to catch up.
2024-05-21T07:26:23.134 application=indexer fetcher=block_catchup [info] Checking if index needs to catch up in 2500ms.
2024-05-21T07:26:23.224 application=indexer fetcher=empty_blocks_to_refetch [info] Batch of empty blocks is sanitized
2024-05-21T07:26:26.019 application=indexer fetcher=block_catchup first_block_number=18609946 last_block_number=18609847 missing_block_count=100 shrunk=false [info] Index had to catch up.
2024-05-21T07:26:26.019 application=indexer fetcher=block_catchup [info] Checking if index needs to catch up in 2500ms.
2024-05-21T07:26:28.985 application=indexer fetcher=block_catchup first_block_number=18609846 last_block_number=18609747 missing_block_count=100 shrunk=false [info] Index had to catch up.
2024-05-21T07:26:28.985 application=indexer fetcher=block_catchup [info] Checking if index needs to catch up in 2500ms.
2024-05-21T07:26:31.841 application=indexer fetcher=block_catchup first_block_number=18609746 last_block_number=18609647 missing_block_count=100 shrunk=false [info] Index had to catch up.
2024-05-21T07:26:31.841 application=indexer fetcher=block_catchup [info] Checking if index needs to catch up in 2500ms.
2024-05-21T07:26:33.225 application=indexer fetcher=empty_blocks_to_refetch [info] Start sanitizing of empty blocks. Batch size is 100
2024-05-21T07:26:34.861 application=indexer fetcher=block_catchup first_block_number=18609646 last_block_number=18609547 missing_block_count=100 shrunk=false [info] Index had to catch up.
2024-05-21T07:26:34.862 application=indexer fetcher=block_catchup [info] Checking if index needs to catch up in 2500ms.
2024-05-21T07:26:37.884 application=indexer fetcher=block_catchup first_block_number=18609546 last_block_number=18609447 missing_block_count=100 shrunk=false [info] Index had to catch up.
2024-05-21T07:26:37.884 application=indexer fetcher=block_catchup [info] Checking if index needs to catch up in 2500ms.
2024-05-21T07:26:40.895 application=indexer fetcher=block_catchup first_block_number=18609446 last_block_number=18609347 missing_block_count=100 shrunk=false [info] Index had to catch up.
2024-05-21T07:26:40.895 application=indexer fetcher=block_catchup [info] Checking if index needs to catch up in 2500ms.
2024-05-21T07:26:43.900 application=indexer fetcher=block_catchup first_block_number=18609346 last_block_number=18609247 missing_block_count=100 shrunk=false [info] Index had to catch up.
2024-05-21T07:26:43.900 application=indexer fetcher=block_catchup [info] Checking if index needs to catch up in 2500ms.
2024-05-21T07:26:46.757 application=indexer fetcher=block_catchup first_block_number=18609246 last_block_number=18609147 missing_block_count=100 shrunk=false [info] Index had to catch up.
2024-05-21T07:26:46.757 application=indexer fetcher=block_catchup [info] Checking if index needs to catch up in 2500ms.
2024-05-21T07:26:49.612 application=indexer fetcher=block_catchup first_block_number=18609146 last_block_number=18609047 missing_block_count=100 shrunk=false [info] Index had to catch up.
2024-05-21T07:26:49.612 application=indexer fetcher=block_catchup [info] Checking if index needs to catch up in 2500ms.
2024-05-21T07:26:49.697 application=indexer fetcher=empty_blocks_to_refetch [info] Batch of empty blocks is sanitized
2024-05-21T07:26:52.478 application=indexer fetcher=block_catchup first_block_number=18609046 last_block_number=18608947 missing_block_count=100 shrunk=false [info] Index had to catch up.
2024-05-21T07:26:52.478 application=indexer fetcher=block_catchup [info] Checking if index needs to catch up in 2500ms.
2024-05-21T07:26:55.343 application=indexer fetcher=block_catchup first_block_number=18608946 last_block_number=18608847 missing_block_count=100 shrunk=false [info] Index had to catch up.
2024-05-21T07:26:55.343 application=indexer fetcher=block_catchup [info] Checking if index needs to catch up in 2500ms.
2024-05-21T07:26:58.218 application=indexer fetcher=block_catchup first_block_number=18608846 last_block_number=18608747 missing_block_count=100 shrunk=false [info] Index had to catch up.
2024-05-21T07:26:58.218 application=indexer fetcher=block_catchup [info] Checking if index needs to catch up in 2500ms.
2024-05-21T07:26:59.697 application=indexer fetcher=empty_blocks_to_refetch [info] Start sanitizing of empty blocks. Batch size is 100
2024-05-21T07:27:01.084 application=indexer fetcher=block_catchup first_block_number=18608746 last_block_number=18608647 missing_block_count=100 shrunk=false [info] Index had to catch up.
2024-05-21T07:27:01.084 application=indexer fetcher=block_catchup [info] Checking if index needs to catch up in 2500ms.
2024-05-21T07:27:03.953 application=indexer fetcher=block_catchup first_block_number=18608646 last_block_number=18608547 missing_block_count=100 shrunk=false [info] Index had to catch up.
2024-05-21T07:27:03.953 application=indexer fetcher=block_catchup [info] Checking if index needs to catch up in 2500ms.
